  student.cpp
D:\samwork\sam_work_resh\sam_work\student.cpp(111,77): error C2248: Student::student_FIO: невозможно обратиться к private член, объявленному в классе "Student"
D:\samwork\sam_work_resh\sam_work\student.cpp(66): message : см. объявление "Student::student_FIO"
D:\samwork\sam_work_resh\sam_work\student.cpp(64): message : см. объявление "Student"
D:\samwork\sam_work_resh\sam_work\student.cpp(112,62): error C2248: Student::avr_scr: невозможно обратиться к private член, объявленному в классе "Student"
D:\samwork\sam_work_resh\sam_work\student.cpp(67): message : см. объявление "Student::avr_scr"
D:\samwork\sam_work_resh\sam_work\student.cpp(64): message : см. объявление "Student"
D:\samwork\sam_work_resh\sam_work\student.cpp(115,23): error C2248: Student::arr: невозможно обратиться к private член, объявленному в классе "Student"
D:\samwork\sam_work_resh\sam_work\student.cpp(68): message : см. объявление "Student::arr"
D:\samwork\sam_work_resh\sam_work\student.cpp(64): message : см. объявление "Student"
D:\samwork\sam_work_resh\sam_work\student.cpp(118,13): error C2248: Student::platnoe: невозможно обратиться к private член, объявленному в классе "Student"
D:\samwork\sam_work_resh\sam_work\student.cpp(70): message : см. объявление "Student::platnoe"
D:\samwork\sam_work_resh\sam_work\student.cpp(64): message : см. объявление "Student"
D:\samwork\sam_work_resh\sam_work\student.cpp(124,13): error C2248: Student::stepuha: невозможно обратиться к private член, объявленному в классе "Student"
D:\samwork\sam_work_resh\sam_work\student.cpp(71): message : см. объявление "Student::stepuha"
D:\samwork\sam_work_resh\sam_work\student.cpp(64): message : см. объявление "Student"
D:\samwork\sam_work_resh\sam_work\student.cpp(134,15): error C2248: Student::student_FIO: невозможно обратиться к private член, объявленному в классе "Student"
D:\samwork\sam_work_resh\sam_work\student.cpp(66): message : см. объявление "Student::student_FIO"
D:\samwork\sam_work_resh\sam_work\student.cpp(64): message : см. объявление "Student"
D:\samwork\sam_work_resh\sam_work\student.cpp(136,15): error C2248: Student::avr_scr: невозможно обратиться к private член, объявленному в классе "Student"
D:\samwork\sam_work_resh\sam_work\student.cpp(67): message : см. объявление "Student::avr_scr"
D:\samwork\sam_work_resh\sam_work\student.cpp(64): message : см. объявление "Student"
D:\samwork\sam_work_resh\sam_work\student.cpp(139,21): error C2248: Student::arr: невозможно обратиться к private член, объявленному в классе "Student"
D:\samwork\sam_work_resh\sam_work\student.cpp(68): message : см. объявление "Student::arr"
D:\samwork\sam_work_resh\sam_work\student.cpp(64): message : см. объявление "Student"
